C:\USERS\RAFAEL\MUDRACONICK\MU-1.0\RELEASE\CS\WZAG.DLL
C:\Users\Rafael\MuDraconick\mu-1.0\Release\WzAG.exp
C:\Users\Rafael\MuDraconick\mu-1.0\Release\WzAG.lib
C:\USERS\RAFAEL\MUDRACONICK\MU-1.0\RELEASE\WZAG.PDB
C:\USERS\RAFAEL\MUDRACONICK\MU-1.0\WZAG-CS\RELEASE\BALANCER.OBJ
C:\USERS\RAFAEL\MUDRACONICK\MU-1.0\WZAG-CS\RELEASE\BIBLIOTECA.OBJ
C:\Users\Rafael\MuDraconick\mu-1.0\WzAG-CS\Release\cl.command.1.tlog
C:\Users\Rafael\MuDraconick\mu-1.0\WzAG-CS\Release\CL.read.1.tlog
C:\Users\Rafael\MuDraconick\mu-1.0\WzAG-CS\Release\CL.write.1.tlog
C:\USERS\RAFAEL\MUDRACONICK\MU-1.0\WZAG-CS\RELEASE\COMANDOS.OBJ
C:\USERS\RAFAEL\MUDRACONICK\MU-1.0\WZAG-CS\RELEASE\CONNECT.OBJ
C:\USERS\RAFAEL\MUDRACONICK\MU-1.0\WZAG-CS\RELEASE\CUSTOMS.OBJ
C:\USERS\RAFAEL\MUDRACONICK\MU-1.0\WZAG-CS\RELEASE\DATABASE.OBJ
C:\USERS\RAFAEL\MUDRACONICK\MU-1.0\WZAG-CS\RELEASE\DISPLAY.OBJ
C:\USERS\RAFAEL\MUDRACONICK\MU-1.0\WZAG-CS\RELEASE\FIXES.OBJ
C:\USERS\RAFAEL\MUDRACONICK\MU-1.0\WZAG-CS\RELEASE\FLOOD.OBJ
C:\USERS\RAFAEL\MUDRACONICK\MU-1.0\WZAG-CS\RELEASE\FUNCTIONS.OBJ
C:\USERS\RAFAEL\MUDRACONICK\MU-1.0\WZAG-CS\RELEASE\ITEMDROP.OBJ
C:\USERS\RAFAEL\MUDRACONICK\MU-1.0\WZAG-CS\RELEASE\LICENSE.OBJ
C:\Users\Rafael\MuDraconick\mu-1.0\WzAG-CS\Release\link.command.1.tlog
C:\Users\Rafael\MuDraconick\mu-1.0\WzAG-CS\Release\link.read.1.tlog
C:\Users\Rafael\MuDraconick\mu-1.0\WzAG-CS\Release\link.write.1.tlog
C:\USERS\RAFAEL\MUDRACONICK\MU-1.0\WZAG-CS\RELEASE\LOG.OBJ
C:\USERS\RAFAEL\MUDRACONICK\MU-1.0\WZAG-CS\RELEASE\MANAGER.OBJ
C:\USERS\RAFAEL\MUDRACONICK\MU-1.0\WZAG-CS\RELEASE\MASTERRESET.OBJ
C:\Users\Rafael\MuDraconick\mu-1.0\WzAG-CS\Release\mt.command.1.tlog
C:\Users\Rafael\MuDraconick\mu-1.0\WzAG-CS\Release\mt.read.1.tlog
C:\Users\Rafael\MuDraconick\mu-1.0\WzAG-CS\Release\mt.write.1.tlog
C:\USERS\RAFAEL\MUDRACONICK\MU-1.0\WZAG-CS\RELEASE\NEWS.OBJ
C:\USERS\RAFAEL\MUDRACONICK\MU-1.0\WZAG-CS\RELEASE\PLUGIN.OBJ
C:\USERS\RAFAEL\MUDRACONICK\MU-1.0\WZAG-CS\RELEASE\PROTOCOL.OBJ
C:\USERS\RAFAEL\MUDRACONICK\MU-1.0\WZAG-CS\RELEASE\RESET.OBJ
C:\USERS\RAFAEL\MUDRACONICK\MU-1.0\WZAG-CS\RELEASE\SHOP.OBJ
C:\USERS\RAFAEL\MUDRACONICK\MU-1.0\WZAG-CS\RELEASE\STDAFX.OBJ
C:\USERS\RAFAEL\MUDRACONICK\MU-1.0\WZAG-CS\RELEASE\TIPS.OBJ
C:\USERS\RAFAEL\MUDRACONICK\MU-1.0\WZAG-CS\RELEASE\UNICODECHAR.OBJ
C:\USERS\RAFAEL\MUDRACONICK\MU-1.0\WZAG-CS\RELEASE\VC100.PDB
C:\USERS\RAFAEL\MUDRACONICK\MU-1.0\WZAG-CS\RELEASE\WARE.OBJ
C:\USERS\RAFAEL\MUDRACONICK\MU-1.0\WZAG-CS\RELEASE\WZAG.DLL.INTERMEDIATE.MANIFEST
C:\USERS\RAFAEL\MUDRACONICK\MU-1.0\WZAG-CS\RELEASE\WZAG.OBJ
C:\USERS\RAFAEL\MUDRACONICK\MU-1.0\WZAG-CS\RELEASE\WZAG.PCH
C:\Users\Rafael\MuDraconick\mu-1.0\WzAG-CS\Release\WzAG-CS.write.1.tlog
