Build started 20/03/2019 08:53:36.
     1>Project "C:\Users\PC\Documents\mu-1.0\WzAG-CS\WzAG-CS.vcxproj" on node 2 (build target(s)).
     1>InitializeBuildStatus:
         Touching "Release\WzAG-CS.unsuccessfulbuild".
       ClCompile:
         C:\Program Files\Microsoft Visual Studio 10.0\VC\bin\CL.exe /c /Zi /nologo /W3 /WX- /O2 /Oi /Oy- /D _WINDLL /D _MBCS /Gm- /EHsc /MT /GS /Gy /fp:precise /Zc:wchar_t /Zc:forScope /Yc"StdAfx.h" /Fp"Release\WzAG.pch" /Fo"Release\\" /Fd"Release\vc100.pdb" /Gd /TP /analyze- /errorReport:prompt StdAfx.cpp
         StdAfx.cpp
         C:\Program Files\Microsoft Visual Studio 10.0\VC\bin\CL.exe /c /Zi /nologo /W3 /WX- /O2 /Oi /Oy- /D _WINDLL /D _MBCS /Gm- /EHsc /MT /GS /Gy /fp:precise /Zc:wchar_t /Zc:forScope /Yu"StdAfx.h" /Fp"Release\WzAG.pch" /Fo"Release\\" /Fd"Release\vc100.pdb" /Gd /TP /analyze- /errorReport:prompt Balancer.cpp Biblioteca.cpp Comandos.cpp Connect.cpp Customs.cpp Database.cpp Display.cpp Flood.cpp ItemDrop.cpp License.cpp Log.cpp Manager.cpp MasterReset.cpp News.cpp Plugin.cpp Fixes.cpp Functions.cpp Protocol.cpp Reset.cpp Shop.cpp Tips.cpp UnicodeChar.cpp Ware.cpp WzAG.cpp
         Balancer.cpp
         Biblioteca.cpp
         Comandos.cpp
         Connect.cpp
         Customs.cpp
         Database.cpp
         Display.cpp
         Flood.cpp
         ItemDrop.cpp
         License.cpp
         Log.cpp
         Manager.cpp
         MasterReset.cpp
         News.cpp
         Plugin.cpp
         Fixes.cpp
         Functions.cpp
         Protocol.cpp
         Reset.cpp
         Shop.cpp
         Generating Code...
         Compiling...
         Tips.cpp
         UnicodeChar.cpp
         Ware.cpp
         WzAG.cpp
         Generating Code...
     1>C:\Program Files\MSBuild\Microsoft.Cpp\v4.0\Microsoft.CppBuild.targets(990,5): warning MSB8012: TargetPath(C:\Users\PC\Documents\mu-1.0\Release\WzAG.dll) does not match the Linker's OutputFile property value (C:\Users\PC\Documents\mu-1.0\Release\CS\WzAG.dll). This may cause your project to build incorrectly. To correct this, please make sure that $(OutDir), $(TargetName) and $(TargetExt) property values match the value specified in %(Link.OutputFile).
       Link:
         C:\Program Files\Microsoft Visual Studio 10.0\VC\bin\link.exe /ERRORREPORT:PROMPT /OUT:"C:\Users\PC\Documents\mu-1.0\Release\\CS\WzAG.dll" /NOLOGO kernel32.lib user32.lib gdi32.lib winspool.lib comdlg32.lib advapi32.lib shell32.lib ole32.lib oleaut32.lib uuid.lib odbc32.lib odbccp32.lib /MANIFEST /ManifestFile:"Release\WzAG.dll.intermediate.manifest" /MANIFESTUAC:"level='asInvoker' uiAccess='false'" /DEBUG /PDB:"C:\Users\PC\Documents\mu-1.0\Release\WzAG.pdb" /OPT:REF /OPT:ICF /TLBID:1 /DYNAMICBASE /NXCOMPAT /IMPLIB:"C:\Users\PC\Documents\mu-1.0\Release\WzAG.lib" /MACHINE:X86 /DLL Release\Balancer.obj
         Release\Biblioteca.obj
         Release\Comandos.obj
         Release\Connect.obj
         Release\Customs.obj
         Release\Database.obj
         Release\Display.obj
         Release\Flood.obj
         Release\ItemDrop.obj
         Release\License.obj
         Release\Log.obj
         Release\Manager.obj
         Release\MasterReset.obj
         Release\News.obj
         Release\Plugin.obj
         Release\Fixes.obj
         Release\Functions.obj
         Release\Protocol.obj
         Release\Reset.obj
         Release\Shop.obj
         Release\StdAfx.obj
         Release\Tips.obj
         Release\UnicodeChar.obj
         Release\Ware.obj
         Release\WzAG.obj
            Creating library C:\Users\PC\Documents\mu-1.0\Release\WzAG.lib and object C:\Users\PC\Documents\mu-1.0\Release\WzAG.exp
         WzAG-CS.vcxproj -> C:\Users\PC\Documents\mu-1.0\Release\WzAG.dll
       Manifest:
         C:\Program Files\Microsoft SDKs\Windows\v7.0A\bin\mt.exe /nologo /verbose /outputresource:"C:\Users\PC\Documents\mu-1.0\Release\\CS\WzAG.dll;#2" /manifest Release\WzAG.dll.intermediate.manifest
       FinalizeBuildStatus:
         Deleting file "Release\WzAG-CS.unsuccessfulbuild".
         Touching "Release\WzAG-CS.lastbuildstate".
     1>Done Building Project "C:\Users\PC\Documents\mu-1.0\WzAG-CS\WzAG-CS.vcxproj" (build target(s)).

Build succeeded.

Time Elapsed 00:00:10.35
