C:\Users\PC\Documents\mu-1.0\Main\Camera.obj
C:\Users\PC\Documents\mu-1.0\Main\cl.command.1.tlog
C:\Users\PC\Documents\mu-1.0\Main\CL.read.1.tlog
C:\Users\PC\Documents\mu-1.0\Main\CL.write.1.tlog
C:\Users\PC\Documents\mu-1.0\Main\Customs.obj
C:\USERS\PC\DOCUMENTS\MU-1.0\MAIN\DLLMAIN.OBJ
C:\Users\PC\Documents\mu-1.0\Main\DraconicK.write.1.tlog
C:\USERS\PC\DOCUMENTS\MU-1.0\MAIN\DUMP.OBJ
C:\Users\PC\Documents\mu-1.0\Main\ExpBar.obj
C:\USERS\PC\DOCUMENTS\MU-1.0\MAIN\FOG.OBJ
C:\USERS\PC\DOCUMENTS\MU-1.0\MAIN\HEALTHBAR.OBJ
C:\Users\PC\Documents\mu-1.0\Main\Jewels.obj
C:\Users\PC\Documents\mu-1.0\Main\link.command.1.tlog
C:\Users\PC\Documents\mu-1.0\Main\link.read.1.tlog
C:\Users\PC\Documents\mu-1.0\Main\link.write.1.tlog
C:\Users\PC\Documents\mu-1.0\Main\MiniMap.obj
C:\Users\PC\Documents\mu-1.0\Main\Models.obj
C:\Users\PC\Documents\mu-1.0\Main\MuOnline.dll.intermediate.manifest
C:\USERS\PC\DOCUMENTS\MU-1.0\MAIN\NPC.OBJ
C:\Users\PC\Documents\mu-1.0\Main\Protocol.obj
C:\USERS\PC\DOCUMENTS\MU-1.0\MAIN\UTILS.OBJ
C:\Users\PC\Documents\mu-1.0\Main\vc100.pdb
C:\Users\PC\Documents\mu-1.0\Release\\Main\MuOnline.pdb
