C:\USERS\RAFAEL\MUDRACONICK\MU-1.0\DEBUG\WZAG-CS.DLL
C:\Users\Rafael\MuDraconick\mu-1.0\Debug\WzAG-CS.exp
C:\USERS\RAFAEL\MUDRACONICK\MU-1.0\DEBUG\WZAG-CS.ILK
C:\Users\Rafael\MuDraconick\mu-1.0\Debug\WzAG-CS.lib
C:\USERS\RAFAEL\MUDRACONICK\MU-1.0\DEBUG\WZAG-CS.PDB
C:\USERS\RAFAEL\MUDRACONICK\MU-1.0\WZAG-CS\DEBUG\BALANCER.OBJ
C:\USERS\RAFAEL\MUDRACONICK\MU-1.0\WZAG-CS\DEBUG\BIBLIOTECA.OBJ
C:\Users\Rafael\MuDraconick\mu-1.0\WzAG-CS\Debug\cl.command.1.tlog
C:\Users\Rafael\MuDraconick\mu-1.0\WzAG-CS\Debug\CL.read.1.tlog
C:\Users\Rafael\MuDraconick\mu-1.0\WzAG-CS\Debug\CL.write.1.tlog
C:\USERS\RAFAEL\MUDRACONICK\MU-1.0\WZAG-CS\DEBUG\COMANDOS.OBJ
C:\USERS\RAFAEL\MUDRACONICK\MU-1.0\WZAG-CS\DEBUG\CONNECT.OBJ
C:\USERS\RAFAEL\MUDRACONICK\MU-1.0\WZAG-CS\DEBUG\CUSTOMS.OBJ
C:\USERS\RAFAEL\MUDRACONICK\MU-1.0\WZAG-CS\DEBUG\DATABASE.OBJ
C:\USERS\RAFAEL\MUDRACONICK\MU-1.0\WZAG-CS\DEBUG\DISPLAY.OBJ
C:\USERS\RAFAEL\MUDRACONICK\MU-1.0\WZAG-CS\DEBUG\FIXES.OBJ
C:\USERS\RAFAEL\MUDRACONICK\MU-1.0\WZAG-CS\DEBUG\FLOOD.OBJ
C:\USERS\RAFAEL\MUDRACONICK\MU-1.0\WZAG-CS\DEBUG\FUNCTIONS.OBJ
C:\USERS\RAFAEL\MUDRACONICK\MU-1.0\WZAG-CS\DEBUG\ITEMDROP.OBJ
C:\USERS\RAFAEL\MUDRACONICK\MU-1.0\WZAG-CS\DEBUG\LICENSE.OBJ
C:\Users\Rafael\MuDraconick\mu-1.0\WzAG-CS\Debug\link.command.1.tlog
C:\Users\Rafael\MuDraconick\mu-1.0\WzAG-CS\Debug\link.read.1.tlog
C:\Users\Rafael\MuDraconick\mu-1.0\WzAG-CS\Debug\link.write.1.tlog
C:\USERS\RAFAEL\MUDRACONICK\MU-1.0\WZAG-CS\DEBUG\LOG.OBJ
C:\USERS\RAFAEL\MUDRACONICK\MU-1.0\WZAG-CS\DEBUG\MANAGER.OBJ
C:\USERS\RAFAEL\MUDRACONICK\MU-1.0\WZAG-CS\DEBUG\MASTERRESET.OBJ
C:\Users\Rafael\MuDraconick\mu-1.0\WzAG-CS\Debug\mt.command.1.tlog
C:\Users\Rafael\MuDraconick\mu-1.0\WzAG-CS\Debug\mt.read.1.tlog
C:\Users\Rafael\MuDraconick\mu-1.0\WzAG-CS\Debug\mt.write.1.tlog
C:\USERS\RAFAEL\MUDRACONICK\MU-1.0\WZAG-CS\DEBUG\NEWS.OBJ
C:\USERS\RAFAEL\MUDRACONICK\MU-1.0\WZAG-CS\DEBUG\PLUGIN.OBJ
C:\USERS\RAFAEL\MUDRACONICK\MU-1.0\WZAG-CS\DEBUG\PROTOCOL.OBJ
C:\USERS\RAFAEL\MUDRACONICK\MU-1.0\WZAG-CS\DEBUG\RESET.OBJ
C:\USERS\RAFAEL\MUDRACONICK\MU-1.0\WZAG-CS\DEBUG\SHOP.OBJ
C:\USERS\RAFAEL\MUDRACONICK\MU-1.0\WZAG-CS\DEBUG\STDAFX.OBJ
C:\USERS\RAFAEL\MUDRACONICK\MU-1.0\WZAG-CS\DEBUG\TIPS.OBJ
C:\USERS\RAFAEL\MUDRACONICK\MU-1.0\WZAG-CS\DEBUG\UNICODECHAR.OBJ
C:\Users\Rafael\MuDraconick\mu-1.0\WzAG-CS\Debug\vc100.idb
C:\USERS\RAFAEL\MUDRACONICK\MU-1.0\WZAG-CS\DEBUG\VC100.PDB
C:\USERS\RAFAEL\MUDRACONICK\MU-1.0\WZAG-CS\DEBUG\WARE.OBJ
C:\USERS\RAFAEL\MUDRACONICK\MU-1.0\WZAG-CS\DEBUG\WZAG.OBJ
C:\USERS\RAFAEL\MUDRACONICK\MU-1.0\WZAG-CS\DEBUG\WZAG-CS.DLL.INTERMEDIATE.MANIFEST
C:\USERS\RAFAEL\MUDRACONICK\MU-1.0\WZAG-CS\DEBUG\WZAG-CS.PCH
C:\Users\Rafael\MuDraconick\mu-1.0\WzAG-CS\Debug\WzAG-CS.write.1.tlog
