C:\USERS\RAFAEL\DESKTOP\SOURCE 99.60T\SOURCE 99.60T\SOURCE 99.60T\CUSTOMS MAIN\CUSTOMS\DEBUG\CUSTOMS.OBJ
C:\USERS\RAFAEL\DESKTOP\SOURCE 99.60T\SOURCE 99.60T\SOURCE 99.60T\CUSTOMS MAIN\CUSTOMS\DEBUG\DLLMAIN.OBJ
C:\USERS\RAFAEL\DESKTOP\SOURCE 99.60T\SOURCE 99.60T\SOURCE 99.60T\CUSTOMS MAIN\CUSTOMS\DEBUG\EXPBAR.OBJ
C:\USERS\RAFAEL\DESKTOP\SOURCE 99.60T\SOURCE 99.60T\SOURCE 99.60T\CUSTOMS MAIN\CUSTOMS\DEBUG\FOG.OBJ
C:\USERS\RAFAEL\DESKTOP\SOURCE 99.60T\SOURCE 99.60T\SOURCE 99.60T\CUSTOMS MAIN\CUSTOMS\DEBUG\FUNCTIONS.OBJ
C:\USERS\RAFAEL\DESKTOP\SOURCE 99.60T\SOURCE 99.60T\SOURCE 99.60T\CUSTOMS MAIN\CUSTOMS\DEBUG\HEALTHBAR.OBJ
C:\USERS\RAFAEL\DESKTOP\SOURCE 99.60T\SOURCE 99.60T\SOURCE 99.60T\CUSTOMS MAIN\CUSTOMS\DEBUG\JEWELS.OBJ
C:\USERS\RAFAEL\DESKTOP\SOURCE 99.60T\SOURCE 99.60T\SOURCE 99.60T\CUSTOMS MAIN\CUSTOMS\DEBUG\MINIMAP.OBJ
C:\USERS\RAFAEL\DESKTOP\SOURCE 99.60T\SOURCE 99.60T\SOURCE 99.60T\CUSTOMS MAIN\CUSTOMS\DEBUG\MODELS.OBJ
C:\USERS\RAFAEL\DESKTOP\SOURCE 99.60T\SOURCE 99.60T\SOURCE 99.60T\CUSTOMS MAIN\CUSTOMS\DEBUG\PREVIEW.OBJ
C:\USERS\RAFAEL\DESKTOP\SOURCE 99.60T\SOURCE 99.60T\SOURCE 99.60T\CUSTOMS MAIN\CUSTOMS\DEBUG\PROTOCOL.OBJ
C:\USERS\RAFAEL\DESKTOP\SOURCE 99.60T\SOURCE 99.60T\SOURCE 99.60T\CUSTOMS MAIN\CUSTOMS\DEBUG\VC100.PDB
C:\USERS\RAFAEL\MUDRACONICK\MU-1.0\DEBUG\DRACONICK.DLL
C:\Users\Rafael\MuDraconick\mu-1.0\Debug\DraconicK.exp
C:\USERS\RAFAEL\MUDRACONICK\MU-1.0\DEBUG\DRACONICK.ILK
C:\Users\Rafael\MuDraconick\mu-1.0\Debug\DraconicK.lib
C:\USERS\RAFAEL\MUDRACONICK\MU-1.0\DEBUG\DRACONICK.PDB
C:\Users\Rafael\MuDraconick\mu-1.0\Main\Debug\cl.command.1.tlog
C:\Users\Rafael\MuDraconick\mu-1.0\Main\Debug\CL.read.1.tlog
C:\Users\Rafael\MuDraconick\mu-1.0\Main\Debug\CL.write.1.tlog
C:\USERS\RAFAEL\MUDRACONICK\MU-1.0\MAIN\DEBUG\CUSTOMS.OBJ
C:\Users\Rafael\MuDraconick\mu-1.0\Main\Debug\Customs.vcxprojResolveAssemblyReference.cache
C:\USERS\RAFAEL\MUDRACONICK\MU-1.0\MAIN\DEBUG\DLLMAIN.OBJ
C:\USERS\RAFAEL\MUDRACONICK\MU-1.0\MAIN\DEBUG\DRACONICK.DLL.INTERMEDIATE.MANIFEST
C:\Users\Rafael\MuDraconick\mu-1.0\Main\Debug\DraconicK.write.1.tlog
C:\USERS\RAFAEL\MUDRACONICK\MU-1.0\MAIN\DEBUG\EXPBAR.OBJ
C:\USERS\RAFAEL\MUDRACONICK\MU-1.0\MAIN\DEBUG\FOG.OBJ
C:\USERS\RAFAEL\MUDRACONICK\MU-1.0\MAIN\DEBUG\FUNCTIONS.OBJ
C:\USERS\RAFAEL\MUDRACONICK\MU-1.0\MAIN\DEBUG\HEALTHBAR.OBJ
C:\USERS\RAFAEL\MUDRACONICK\MU-1.0\MAIN\DEBUG\HOOK.OBJ
C:\USERS\RAFAEL\MUDRACONICK\MU-1.0\MAIN\DEBUG\JEWELS.OBJ
C:\Users\Rafael\MuDraconick\mu-1.0\Main\Debug\link.command.1.tlog
C:\Users\Rafael\MuDraconick\mu-1.0\Main\Debug\link.read.1.tlog
C:\Users\Rafael\MuDraconick\mu-1.0\Main\Debug\link.write.1.tlog
C:\USERS\RAFAEL\MUDRACONICK\MU-1.0\MAIN\DEBUG\MINIMAP.OBJ
C:\USERS\RAFAEL\MUDRACONICK\MU-1.0\MAIN\DEBUG\MODELS.OBJ
C:\USERS\RAFAEL\MUDRACONICK\MU-1.0\MAIN\DEBUG\MONSLIB.OBJ
C:\Users\Rafael\MuDraconick\mu-1.0\Main\Debug\mt.command.1.tlog
C:\Users\Rafael\MuDraconick\mu-1.0\Main\Debug\mt.read.1.tlog
C:\Users\Rafael\MuDraconick\mu-1.0\Main\Debug\mt.write.1.tlog
C:\USERS\RAFAEL\MUDRACONICK\MU-1.0\MAIN\DEBUG\PREVIEW.OBJ
C:\USERS\RAFAEL\MUDRACONICK\MU-1.0\MAIN\DEBUG\PROTOCOL.OBJ
C:\Users\Rafael\MuDraconick\mu-1.0\Main\Debug\vc100.idb
C:\USERS\RAFAEL\MUDRACONICK\MU-1.0\MAIN\DEBUG\VC100.PDB
C:\Users\Rafael\MuDraconick\mu-1.0\Main\Debug\Went.write.1.tlog
