C:\USERS\RAFAEL\DOCUMENTS\VISUAL STUDIO 2015\PROJECTS\SOURCE 99.60T\WZAG\RELEASE\WZAG.DLL
C:\Users\Rafael\Documents\Visual Studio 2015\Projects\Source 99.60T\WzAG\Release\WzAG.exp
C:\Users\Rafael\Documents\Visual Studio 2015\Projects\Source 99.60T\WzAG\Release\WzAG.lib
C:\USERS\RAFAEL\DOCUMENTS\VISUAL STUDIO 2015\PROJECTS\SOURCE 99.60T\WZAG\RELEASE\WZAG.PDB
C:\USERS\RAFAEL\DOCUMENTS\VISUAL STUDIO 2015\PROJECTS\SOURCE 99.60T\WZAG\WZAG\RELEASE\AUTOXP.OBJ
C:\USERS\RAFAEL\DOCUMENTS\VISUAL STUDIO 2015\PROJECTS\SOURCE 99.60T\WZAG\WZAG\RELEASE\BALANCER.OBJ
C:\USERS\RAFAEL\DOCUMENTS\VISUAL STUDIO 2015\PROJECTS\SOURCE 99.60T\WZAG\WZAG\RELEASE\BIBLIOTECA.OBJ
C:\USERS\RAFAEL\DOCUMENTS\VISUAL STUDIO 2015\PROJECTS\SOURCE 99.60T\WZAG\WZAG\RELEASE\BLOOD.OBJ
C:\USERS\RAFAEL\DOCUMENTS\VISUAL STUDIO 2015\PROJECTS\SOURCE 99.60T\WZAG\WZAG\RELEASE\BOT.OBJ
C:\USERS\RAFAEL\DOCUMENTS\VISUAL STUDIO 2015\PROJECTS\SOURCE 99.60T\WZAG\WZAG\RELEASE\CASTLE.OBJ
C:\Users\Rafael\Documents\Visual Studio 2015\Projects\Source 99.60T\WzAG\WzAG\Release\cl.command.1.tlog
C:\Users\Rafael\Documents\Visual Studio 2015\Projects\Source 99.60T\WzAG\WzAG\Release\CL.read.1.tlog
C:\Users\Rafael\Documents\Visual Studio 2015\Projects\Source 99.60T\WzAG\WzAG\Release\CL.write.1.tlog
C:\USERS\RAFAEL\DOCUMENTS\VISUAL STUDIO 2015\PROJECTS\SOURCE 99.60T\WZAG\WZAG\RELEASE\COMANDOS.OBJ
C:\USERS\RAFAEL\DOCUMENTS\VISUAL STUDIO 2015\PROJECTS\SOURCE 99.60T\WZAG\WZAG\RELEASE\CONNECT.OBJ
C:\USERS\RAFAEL\DOCUMENTS\VISUAL STUDIO 2015\PROJECTS\SOURCE 99.60T\WZAG\WZAG\RELEASE\CUSTOMS.OBJ
C:\USERS\RAFAEL\DOCUMENTS\VISUAL STUDIO 2015\PROJECTS\SOURCE 99.60T\WZAG\WZAG\RELEASE\DATABASE.OBJ
C:\USERS\RAFAEL\DOCUMENTS\VISUAL STUDIO 2015\PROJECTS\SOURCE 99.60T\WZAG\WZAG\RELEASE\DISPLAY.OBJ
C:\USERS\RAFAEL\DOCUMENTS\VISUAL STUDIO 2015\PROJECTS\SOURCE 99.60T\WZAG\WZAG\RELEASE\DROPEVENT.OBJ
C:\USERS\RAFAEL\DOCUMENTS\VISUAL STUDIO 2015\PROJECTS\SOURCE 99.60T\WZAG\WZAG\RELEASE\DUELEVENT.OBJ
C:\USERS\RAFAEL\DOCUMENTS\VISUAL STUDIO 2015\PROJECTS\SOURCE 99.60T\WZAG\WZAG\RELEASE\ELFBUFFER.OBJ
C:\USERS\RAFAEL\DOCUMENTS\VISUAL STUDIO 2015\PROJECTS\SOURCE 99.60T\WZAG\WZAG\RELEASE\FIXES.OBJ
C:\USERS\RAFAEL\DOCUMENTS\VISUAL STUDIO 2015\PROJECTS\SOURCE 99.60T\WZAG\WZAG\RELEASE\FLOOD.OBJ
C:\USERS\RAFAEL\DOCUMENTS\VISUAL STUDIO 2015\PROJECTS\SOURCE 99.60T\WZAG\WZAG\RELEASE\FUNCTIONS.OBJ
C:\USERS\RAFAEL\DOCUMENTS\VISUAL STUDIO 2015\PROJECTS\SOURCE 99.60T\WZAG\WZAG\RELEASE\GCMAGICATTACKNUMBERSEND.OBJ
C:\USERS\RAFAEL\DOCUMENTS\VISUAL STUDIO 2015\PROJECTS\SOURCE 99.60T\WZAG\WZAG\RELEASE\GENSYSTEM.OBJ
C:\USERS\RAFAEL\DOCUMENTS\VISUAL STUDIO 2015\PROJECTS\SOURCE 99.60T\WZAG\WZAG\RELEASE\GMSYSTEM.OBJ
C:\USERS\RAFAEL\DOCUMENTS\VISUAL STUDIO 2015\PROJECTS\SOURCE 99.60T\WZAG\WZAG\RELEASE\GOLDENARCHER.OBJ
C:\USERS\RAFAEL\DOCUMENTS\VISUAL STUDIO 2015\PROJECTS\SOURCE 99.60T\WZAG\WZAG\RELEASE\GOLDSHOP.OBJ
C:\USERS\RAFAEL\DOCUMENTS\VISUAL STUDIO 2015\PROJECTS\SOURCE 99.60T\WZAG\WZAG\RELEASE\HELPER.OBJ
C:\USERS\RAFAEL\DOCUMENTS\VISUAL STUDIO 2015\PROJECTS\SOURCE 99.60T\WZAG\WZAG\RELEASE\HHOUR.OBJ
C:\USERS\RAFAEL\DOCUMENTS\VISUAL STUDIO 2015\PROJECTS\SOURCE 99.60T\WZAG\WZAG\RELEASE\HYDRA.OBJ
C:\USERS\RAFAEL\DOCUMENTS\VISUAL STUDIO 2015\PROJECTS\SOURCE 99.60T\WZAG\WZAG\RELEASE\ITEMDROP.OBJ
C:\USERS\RAFAEL\DOCUMENTS\VISUAL STUDIO 2015\PROJECTS\SOURCE 99.60T\WZAG\WZAG\RELEASE\JEWELS.OBJ
C:\USERS\RAFAEL\DOCUMENTS\VISUAL STUDIO 2015\PROJECTS\SOURCE 99.60T\WZAG\WZAG\RELEASE\LICENSE.OBJ
C:\Users\Rafael\Documents\Visual Studio 2015\Projects\Source 99.60T\WzAG\WzAG\Release\link.command.1.tlog
C:\Users\Rafael\Documents\Visual Studio 2015\Projects\Source 99.60T\WzAG\WzAG\Release\link.read.1.tlog
C:\Users\Rafael\Documents\Visual Studio 2015\Projects\Source 99.60T\WzAG\WzAG\Release\link.write.1.tlog
C:\USERS\RAFAEL\DOCUMENTS\VISUAL STUDIO 2015\PROJECTS\SOURCE 99.60T\WZAG\WZAG\RELEASE\LOG.OBJ
C:\USERS\RAFAEL\DOCUMENTS\VISUAL STUDIO 2015\PROJECTS\SOURCE 99.60T\WZAG\WZAG\RELEASE\MAGICINF.OBJ
C:\USERS\RAFAEL\DOCUMENTS\VISUAL STUDIO 2015\PROJECTS\SOURCE 99.60T\WZAG\WZAG\RELEASE\MANAGER.OBJ
C:\USERS\RAFAEL\DOCUMENTS\VISUAL STUDIO 2015\PROJECTS\SOURCE 99.60T\WZAG\WZAG\RELEASE\MASTERRESET.OBJ
C:\Users\Rafael\Documents\Visual Studio 2015\Projects\Source 99.60T\WzAG\WzAG\Release\mt.command.1.tlog
C:\Users\Rafael\Documents\Visual Studio 2015\Projects\Source 99.60T\WzAG\WzAG\Release\mt.read.1.tlog
C:\Users\Rafael\Documents\Visual Studio 2015\Projects\Source 99.60T\WzAG\WzAG\Release\mt.write.1.tlog
C:\USERS\RAFAEL\DOCUMENTS\VISUAL STUDIO 2015\PROJECTS\SOURCE 99.60T\WZAG\WZAG\RELEASE\NEWS.OBJ
C:\USERS\RAFAEL\DOCUMENTS\VISUAL STUDIO 2015\PROJECTS\SOURCE 99.60T\WZAG\WZAG\RELEASE\NPCTALK.OBJ
C:\USERS\RAFAEL\DOCUMENTS\VISUAL STUDIO 2015\PROJECTS\SOURCE 99.60T\WZAG\WZAG\RELEASE\PEGAEVENT.OBJ
C:\USERS\RAFAEL\DOCUMENTS\VISUAL STUDIO 2015\PROJECTS\SOURCE 99.60T\WZAG\WZAG\RELEASE\PLUGIN.OBJ
C:\USERS\RAFAEL\DOCUMENTS\VISUAL STUDIO 2015\PROJECTS\SOURCE 99.60T\WZAG\WZAG\RELEASE\PREMIO_DIARIO.OBJ
C:\USERS\RAFAEL\DOCUMENTS\VISUAL STUDIO 2015\PROJECTS\SOURCE 99.60T\WZAG\WZAG\RELEASE\PROTOCOL.OBJ
C:\USERS\RAFAEL\DOCUMENTS\VISUAL STUDIO 2015\PROJECTS\SOURCE 99.60T\WZAG\WZAG\RELEASE\QUEST.OBJ
C:\USERS\RAFAEL\DOCUMENTS\VISUAL STUDIO 2015\PROJECTS\SOURCE 99.60T\WZAG\WZAG\RELEASE\QUEST_ELF.OBJ
C:\USERS\RAFAEL\DOCUMENTS\VISUAL STUDIO 2015\PROJECTS\SOURCE 99.60T\WZAG\WZAG\RELEASE\QUEST_ITEM_REWARD.OBJ
C:\USERS\RAFAEL\DOCUMENTS\VISUAL STUDIO 2015\PROJECTS\SOURCE 99.60T\WZAG\WZAG\RELEASE\QUESTBOSS.OBJ
C:\USERS\RAFAEL\DOCUMENTS\VISUAL STUDIO 2015\PROJECTS\SOURCE 99.60T\WZAG\WZAG\RELEASE\QUESTLOOT.OBJ
C:\USERS\RAFAEL\DOCUMENTS\VISUAL STUDIO 2015\PROJECTS\SOURCE 99.60T\WZAG\WZAG\RELEASE\RESET.OBJ
C:\USERS\RAFAEL\DOCUMENTS\VISUAL STUDIO 2015\PROJECTS\SOURCE 99.60T\WZAG\WZAG\RELEASE\SHOP.OBJ
C:\USERS\RAFAEL\DOCUMENTS\VISUAL STUDIO 2015\PROJECTS\SOURCE 99.60T\WZAG\WZAG\RELEASE\SOBREEVENT.OBJ
C:\USERS\RAFAEL\DOCUMENTS\VISUAL STUDIO 2015\PROJECTS\SOURCE 99.60T\WZAG\WZAG\RELEASE\SORTEIO.OBJ
C:\Users\Rafael\Documents\Visual Studio 2015\Projects\Source 99.60T\WzAG\WzAG\Release\StdAfx.obj
C:\USERS\RAFAEL\DOCUMENTS\VISUAL STUDIO 2015\PROJECTS\SOURCE 99.60T\WZAG\WZAG\RELEASE\STORM.OBJ
C:\USERS\RAFAEL\DOCUMENTS\VISUAL STUDIO 2015\PROJECTS\SOURCE 99.60T\WZAG\WZAG\RELEASE\TELEPORT.OBJ
C:\USERS\RAFAEL\DOCUMENTS\VISUAL STUDIO 2015\PROJECTS\SOURCE 99.60T\WZAG\WZAG\RELEASE\TIPS.OBJ
C:\USERS\RAFAEL\DOCUMENTS\VISUAL STUDIO 2015\PROJECTS\SOURCE 99.60T\WZAG\WZAG\RELEASE\UNICODECHAR.OBJ
C:\USERS\RAFAEL\DOCUMENTS\VISUAL STUDIO 2015\PROJECTS\SOURCE 99.60T\WZAG\WZAG\RELEASE\VC100.PDB
C:\USERS\RAFAEL\DOCUMENTS\VISUAL STUDIO 2015\PROJECTS\SOURCE 99.60T\WZAG\WZAG\RELEASE\VIPSYSTEM.OBJ
C:\USERS\RAFAEL\DOCUMENTS\VISUAL STUDIO 2015\PROJECTS\SOURCE 99.60T\WZAG\WZAG\RELEASE\WARE.OBJ
C:\USERS\RAFAEL\DOCUMENTS\VISUAL STUDIO 2015\PROJECTS\SOURCE 99.60T\WZAG\WZAG\RELEASE\WZAG.DLL.INTERMEDIATE.MANIFEST
C:\USERS\RAFAEL\DOCUMENTS\VISUAL STUDIO 2015\PROJECTS\SOURCE 99.60T\WZAG\WZAG\RELEASE\WZAG.OBJ
C:\Users\Rafael\Documents\Visual Studio 2015\Projects\Source 99.60T\WzAG\WzAG\Release\WzAG.write.1.tlog
