C:\Users\Rafael\MuDraconick\mu-1.0\Main\Release\cl.command.1.tlog
C:\Users\Rafael\MuDraconick\mu-1.0\Main\Release\CL.read.1.tlog
C:\Users\Rafael\MuDraconick\mu-1.0\Main\Release\CL.write.1.tlog
C:\USERS\RAFAEL\MUDRACONICK\MU-1.0\MAIN\RELEASE\CUSTOMS.OBJ
C:\USERS\RAFAEL\MUDRACONICK\MU-1.0\MAIN\RELEASE\DLLMAIN.OBJ
C:\USERS\RAFAEL\MUDRACONICK\MU-1.0\MAIN\RELEASE\DRACONICK.DLL.INTERMEDIATE.MANIFEST
C:\Users\Rafael\MuDraconick\mu-1.0\Main\Release\DraconicK.write.1.tlog
C:\USERS\RAFAEL\MUDRACONICK\MU-1.0\MAIN\RELEASE\EXPBAR.OBJ
C:\USERS\RAFAEL\MUDRACONICK\MU-1.0\MAIN\RELEASE\FOG.OBJ
C:\USERS\RAFAEL\MUDRACONICK\MU-1.0\MAIN\RELEASE\FUNCTIONS.OBJ
C:\USERS\RAFAEL\MUDRACONICK\MU-1.0\MAIN\RELEASE\HEALTHBAR.OBJ
C:\USERS\RAFAEL\MUDRACONICK\MU-1.0\MAIN\RELEASE\JEWELS.OBJ
C:\Users\Rafael\MuDraconick\mu-1.0\Main\Release\link.command.1.tlog
C:\Users\Rafael\MuDraconick\mu-1.0\Main\Release\link.read.1.tlog
C:\Users\Rafael\MuDraconick\mu-1.0\Main\Release\link.write.1.tlog
C:\USERS\RAFAEL\MUDRACONICK\MU-1.0\MAIN\RELEASE\MINIMAP.OBJ
C:\USERS\RAFAEL\MUDRACONICK\MU-1.0\MAIN\RELEASE\MODELS.OBJ
C:\Users\Rafael\MuDraconick\mu-1.0\Main\Release\mt.command.1.tlog
C:\Users\Rafael\MuDraconick\mu-1.0\Main\Release\mt.read.1.tlog
C:\Users\Rafael\MuDraconick\mu-1.0\Main\Release\mt.write.1.tlog
C:\USERS\RAFAEL\MUDRACONICK\MU-1.0\MAIN\RELEASE\PREVIEW.OBJ
C:\USERS\RAFAEL\MUDRACONICK\MU-1.0\MAIN\RELEASE\PROTOCOL.OBJ
C:\USERS\RAFAEL\MUDRACONICK\MU-1.0\MAIN\RELEASE\VC100.PDB
C:\Users\Rafael\MuDraconick\mu-1.0\Release\DraconicK.exp
C:\Users\Rafael\MuDraconick\mu-1.0\Release\DraconicK.lib
C:\USERS\RAFAEL\MUDRACONICK\MU-1.0\RELEASE\DRACONICK.PDB
C:\USERS\RAFAEL\MUDRACONICK\MU-1.0\RELEASE\MAIN\DRACONICK.DLL
