C:\Users\Rafael\Documents\Visual Studio 2015\Projects\Source 99.60T\Customs Main\Customs\Release\cl.command.1.tlog
C:\Users\Rafael\Documents\Visual Studio 2015\Projects\Source 99.60T\Customs Main\Customs\Release\CL.read.1.tlog
C:\Users\Rafael\Documents\Visual Studio 2015\Projects\Source 99.60T\Customs Main\Customs\Release\CL.write.1.tlog
C:\USERS\RAFAEL\DOCUMENTS\VISUAL STUDIO 2015\PROJECTS\SOURCE 99.60T\CUSTOMS MAIN\CUSTOMS\RELEASE\CUSTOMS.OBJ
C:\USERS\RAFAEL\DOCUMENTS\VISUAL STUDIO 2015\PROJECTS\SOURCE 99.60T\CUSTOMS MAIN\CUSTOMS\RELEASE\DLLMAIN.OBJ
C:\USERS\RAFAEL\DOCUMENTS\VISUAL STUDIO 2015\PROJECTS\SOURCE 99.60T\CUSTOMS MAIN\CUSTOMS\RELEASE\EXPBAR.OBJ
C:\USERS\RAFAEL\DOCUMENTS\VISUAL STUDIO 2015\PROJECTS\SOURCE 99.60T\CUSTOMS MAIN\CUSTOMS\RELEASE\FOG.OBJ
C:\USERS\RAFAEL\DOCUMENTS\VISUAL STUDIO 2015\PROJECTS\SOURCE 99.60T\CUSTOMS MAIN\CUSTOMS\RELEASE\FUNCTIONS.OBJ
C:\USERS\RAFAEL\DOCUMENTS\VISUAL STUDIO 2015\PROJECTS\SOURCE 99.60T\CUSTOMS MAIN\CUSTOMS\RELEASE\HEALTHBAR.OBJ
C:\USERS\RAFAEL\DOCUMENTS\VISUAL STUDIO 2015\PROJECTS\SOURCE 99.60T\CUSTOMS MAIN\CUSTOMS\RELEASE\HOOK.OBJ
C:\USERS\RAFAEL\DOCUMENTS\VISUAL STUDIO 2015\PROJECTS\SOURCE 99.60T\CUSTOMS MAIN\CUSTOMS\RELEASE\JEWELS.OBJ
C:\Users\Rafael\Documents\Visual Studio 2015\Projects\Source 99.60T\Customs Main\Customs\Release\link.command.1.tlog
C:\Users\Rafael\Documents\Visual Studio 2015\Projects\Source 99.60T\Customs Main\Customs\Release\link.read.1.tlog
C:\Users\Rafael\Documents\Visual Studio 2015\Projects\Source 99.60T\Customs Main\Customs\Release\link.write.1.tlog
C:\USERS\RAFAEL\DOCUMENTS\VISUAL STUDIO 2015\PROJECTS\SOURCE 99.60T\CUSTOMS MAIN\CUSTOMS\RELEASE\MINIMAP.OBJ
C:\USERS\RAFAEL\DOCUMENTS\VISUAL STUDIO 2015\PROJECTS\SOURCE 99.60T\CUSTOMS MAIN\CUSTOMS\RELEASE\MODELS.OBJ
C:\USERS\RAFAEL\DOCUMENTS\VISUAL STUDIO 2015\PROJECTS\SOURCE 99.60T\CUSTOMS MAIN\CUSTOMS\RELEASE\MONSLIB.OBJ
C:\Users\Rafael\Documents\Visual Studio 2015\Projects\Source 99.60T\Customs Main\Customs\Release\mt.command.1.tlog
C:\Users\Rafael\Documents\Visual Studio 2015\Projects\Source 99.60T\Customs Main\Customs\Release\mt.read.1.tlog
C:\Users\Rafael\Documents\Visual Studio 2015\Projects\Source 99.60T\Customs Main\Customs\Release\mt.write.1.tlog
C:\USERS\RAFAEL\DOCUMENTS\VISUAL STUDIO 2015\PROJECTS\SOURCE 99.60T\CUSTOMS MAIN\CUSTOMS\RELEASE\PREVIEW.OBJ
C:\USERS\RAFAEL\DOCUMENTS\VISUAL STUDIO 2015\PROJECTS\SOURCE 99.60T\CUSTOMS MAIN\CUSTOMS\RELEASE\PROTOCOL.OBJ
C:\USERS\RAFAEL\DOCUMENTS\VISUAL STUDIO 2015\PROJECTS\SOURCE 99.60T\CUSTOMS MAIN\CUSTOMS\RELEASE\VC100.PDB
C:\USERS\RAFAEL\DOCUMENTS\VISUAL STUDIO 2015\PROJECTS\SOURCE 99.60T\CUSTOMS MAIN\CUSTOMS\RELEASE\WENT.DLL.INTERMEDIATE.MANIFEST
C:\Users\Rafael\Documents\Visual Studio 2015\Projects\Source 99.60T\Customs Main\Customs\Release\Went.write.1.tlog
C:\USERS\RAFAEL\DOCUMENTS\VISUAL STUDIO 2015\PROJECTS\SOURCE 99.60T\CUSTOMS MAIN\RELEASE\WENT.DLL
C:\Users\Rafael\Documents\Visual Studio 2015\Projects\Source 99.60T\Customs Main\Release\Went.exp
C:\Users\Rafael\Documents\Visual Studio 2015\Projects\Source 99.60T\Customs Main\Release\Went.lib
C:\USERS\RAFAEL\DOCUMENTS\VISUAL STUDIO 2015\PROJECTS\SOURCE 99.60T\CUSTOMS MAIN\RELEASE\WENT.PDB
