C:\USERS\RAFAEL\MUDRACONICK\MU-1.0\DEBUG\WZAG-GS.DLL
C:\Users\Rafael\MuDraconick\mu-1.0\Debug\WzAG-GS.exp
C:\USERS\RAFAEL\MUDRACONICK\MU-1.0\DEBUG\WZAG-GS.ILK
C:\Users\Rafael\MuDraconick\mu-1.0\Debug\WzAG-GS.lib
C:\USERS\RAFAEL\MUDRACONICK\MU-1.0\DEBUG\WZAG-GS.PDB
C:\USERS\RAFAEL\MUDRACONICK\MU-1.0\WZAG-GS\DEBUG\AUTOXP.OBJ
C:\USERS\RAFAEL\MUDRACONICK\MU-1.0\WZAG-GS\DEBUG\BALANCER.OBJ
C:\USERS\RAFAEL\MUDRACONICK\MU-1.0\WZAG-GS\DEBUG\BIBLIOTECA.OBJ
C:\USERS\RAFAEL\MUDRACONICK\MU-1.0\WZAG-GS\DEBUG\BLOOD.OBJ
C:\USERS\RAFAEL\MUDRACONICK\MU-1.0\WZAG-GS\DEBUG\BOT.OBJ
C:\USERS\RAFAEL\MUDRACONICK\MU-1.0\WZAG-GS\DEBUG\CASTLE.OBJ
C:\Users\Rafael\MuDraconick\mu-1.0\WzAG-GS\Debug\cl.command.1.tlog
C:\Users\Rafael\MuDraconick\mu-1.0\WzAG-GS\Debug\CL.read.1.tlog
C:\Users\Rafael\MuDraconick\mu-1.0\WzAG-GS\Debug\CL.write.1.tlog
C:\USERS\RAFAEL\MUDRACONICK\MU-1.0\WZAG-GS\DEBUG\COMANDOS.OBJ
C:\USERS\RAFAEL\MUDRACONICK\MU-1.0\WZAG-GS\DEBUG\CONNECT.OBJ
C:\USERS\RAFAEL\MUDRACONICK\MU-1.0\WZAG-GS\DEBUG\CUSTOMS.OBJ
C:\USERS\RAFAEL\MUDRACONICK\MU-1.0\WZAG-GS\DEBUG\DATABASE.OBJ
C:\USERS\RAFAEL\MUDRACONICK\MU-1.0\WZAG-GS\DEBUG\DISPLAY.OBJ
C:\USERS\RAFAEL\MUDRACONICK\MU-1.0\WZAG-GS\DEBUG\DROPEVENT.OBJ
C:\USERS\RAFAEL\MUDRACONICK\MU-1.0\WZAG-GS\DEBUG\DUELEVENT.OBJ
C:\USERS\RAFAEL\MUDRACONICK\MU-1.0\WZAG-GS\DEBUG\ELFBUFFER.OBJ
C:\USERS\RAFAEL\MUDRACONICK\MU-1.0\WZAG-GS\DEBUG\FIXES.OBJ
C:\USERS\RAFAEL\MUDRACONICK\MU-1.0\WZAG-GS\DEBUG\FLOOD.OBJ
C:\USERS\RAFAEL\MUDRACONICK\MU-1.0\WZAG-GS\DEBUG\FUNCTIONS.OBJ
C:\USERS\RAFAEL\MUDRACONICK\MU-1.0\WZAG-GS\DEBUG\GCMAGICATTACKNUMBERSEND.OBJ
C:\USERS\RAFAEL\MUDRACONICK\MU-1.0\WZAG-GS\DEBUG\GENSYSTEM.OBJ
C:\USERS\RAFAEL\MUDRACONICK\MU-1.0\WZAG-GS\DEBUG\GMSYSTEM.OBJ
C:\USERS\RAFAEL\MUDRACONICK\MU-1.0\WZAG-GS\DEBUG\GOLDENARCHER.OBJ
C:\USERS\RAFAEL\MUDRACONICK\MU-1.0\WZAG-GS\DEBUG\GOLDSHOP.OBJ
C:\USERS\RAFAEL\MUDRACONICK\MU-1.0\WZAG-GS\DEBUG\HELPER.OBJ
C:\USERS\RAFAEL\MUDRACONICK\MU-1.0\WZAG-GS\DEBUG\HHOUR.OBJ
C:\USERS\RAFAEL\MUDRACONICK\MU-1.0\WZAG-GS\DEBUG\HYDRA.OBJ
C:\USERS\RAFAEL\MUDRACONICK\MU-1.0\WZAG-GS\DEBUG\ITEMDROP.OBJ
C:\USERS\RAFAEL\MUDRACONICK\MU-1.0\WZAG-GS\DEBUG\JEWELS.OBJ
C:\USERS\RAFAEL\MUDRACONICK\MU-1.0\WZAG-GS\DEBUG\LICENSE.OBJ
C:\Users\Rafael\MuDraconick\mu-1.0\WzAG-GS\Debug\link.command.1.tlog
C:\Users\Rafael\MuDraconick\mu-1.0\WzAG-GS\Debug\link.read.1.tlog
C:\Users\Rafael\MuDraconick\mu-1.0\WzAG-GS\Debug\link.write.1.tlog
C:\USERS\RAFAEL\MUDRACONICK\MU-1.0\WZAG-GS\DEBUG\LOG.OBJ
C:\USERS\RAFAEL\MUDRACONICK\MU-1.0\WZAG-GS\DEBUG\MAGICINF.OBJ
C:\USERS\RAFAEL\MUDRACONICK\MU-1.0\WZAG-GS\DEBUG\MANAGER.OBJ
C:\USERS\RAFAEL\MUDRACONICK\MU-1.0\WZAG-GS\DEBUG\MASTERRESET.OBJ
C:\Users\Rafael\MuDraconick\mu-1.0\WzAG-GS\Debug\mt.command.1.tlog
C:\Users\Rafael\MuDraconick\mu-1.0\WzAG-GS\Debug\mt.read.1.tlog
C:\Users\Rafael\MuDraconick\mu-1.0\WzAG-GS\Debug\mt.write.1.tlog
C:\USERS\RAFAEL\MUDRACONICK\MU-1.0\WZAG-GS\DEBUG\NEWS.OBJ
C:\USERS\RAFAEL\MUDRACONICK\MU-1.0\WZAG-GS\DEBUG\NPCTALK.OBJ
C:\USERS\RAFAEL\MUDRACONICK\MU-1.0\WZAG-GS\DEBUG\PEGAEVENT.OBJ
C:\USERS\RAFAEL\MUDRACONICK\MU-1.0\WZAG-GS\DEBUG\PLUGIN.OBJ
C:\USERS\RAFAEL\MUDRACONICK\MU-1.0\WZAG-GS\DEBUG\PREMIO_DIARIO.OBJ
C:\USERS\RAFAEL\MUDRACONICK\MU-1.0\WZAG-GS\DEBUG\PROTOCOL.OBJ
C:\USERS\RAFAEL\MUDRACONICK\MU-1.0\WZAG-GS\DEBUG\QUEST.OBJ
C:\USERS\RAFAEL\MUDRACONICK\MU-1.0\WZAG-GS\DEBUG\QUEST_ELF.OBJ
C:\USERS\RAFAEL\MUDRACONICK\MU-1.0\WZAG-GS\DEBUG\QUEST_ITEM_REWARD.OBJ
C:\USERS\RAFAEL\MUDRACONICK\MU-1.0\WZAG-GS\DEBUG\QUESTBOSS.OBJ
C:\USERS\RAFAEL\MUDRACONICK\MU-1.0\WZAG-GS\DEBUG\QUESTLOOT.OBJ
C:\USERS\RAFAEL\MUDRACONICK\MU-1.0\WZAG-GS\DEBUG\RESET.OBJ
C:\USERS\RAFAEL\MUDRACONICK\MU-1.0\WZAG-GS\DEBUG\SHOP.OBJ
C:\USERS\RAFAEL\MUDRACONICK\MU-1.0\WZAG-GS\DEBUG\SOBREEVENT.OBJ
C:\USERS\RAFAEL\MUDRACONICK\MU-1.0\WZAG-GS\DEBUG\SORTEIO.OBJ
C:\USERS\RAFAEL\MUDRACONICK\MU-1.0\WZAG-GS\DEBUG\STDAFX.OBJ
C:\USERS\RAFAEL\MUDRACONICK\MU-1.0\WZAG-GS\DEBUG\STORM.OBJ
C:\USERS\RAFAEL\MUDRACONICK\MU-1.0\WZAG-GS\DEBUG\TELEPORT.OBJ
C:\USERS\RAFAEL\MUDRACONICK\MU-1.0\WZAG-GS\DEBUG\TIPS.OBJ
C:\USERS\RAFAEL\MUDRACONICK\MU-1.0\WZAG-GS\DEBUG\UNICODECHAR.OBJ
C:\Users\Rafael\MuDraconick\mu-1.0\WzAG-GS\Debug\vc100.idb
C:\USERS\RAFAEL\MUDRACONICK\MU-1.0\WZAG-GS\DEBUG\VC100.PDB
C:\USERS\RAFAEL\MUDRACONICK\MU-1.0\WZAG-GS\DEBUG\VIPSYSTEM.OBJ
C:\USERS\RAFAEL\MUDRACONICK\MU-1.0\WZAG-GS\DEBUG\WARE.OBJ
C:\USERS\RAFAEL\MUDRACONICK\MU-1.0\WZAG-GS\DEBUG\WZAG.OBJ
C:\USERS\RAFAEL\MUDRACONICK\MU-1.0\WZAG-GS\DEBUG\WZAG-GS.DLL.INTERMEDIATE.MANIFEST
C:\USERS\RAFAEL\MUDRACONICK\MU-1.0\WZAG-GS\DEBUG\WZAG-GS.PCH
C:\Users\Rafael\MuDraconick\mu-1.0\WzAG-GS\Debug\WzAG-GS.write.1.tlog
